2015-08-20 12:06:05.845  

************ Package Script  ************************************* process id: 5256
2015-08-20 12:06:12.493  CAT Installer: C:\Users\umarachi\AppData\Roaming\npm\grunt -> C:\Users\umarachi\AppData\Roaming\npm\node_modules\grunt-cli\bin\grunt

2015-08-20 12:06:24.324  CAT Installer: grunt-cli@0.1.13 C:\Users\umarachi\AppData\Roaming\npm\node_modules\grunt-cli
├── resolve@0.3.1
├── nopt@1.0.10 (abbrev@1.0.7)
└── findup-sync@0.1.3 (lodash@2.4.2, glob@3.2.11)

2015-08-20 12:06:24.336  Package Script Complete 0
2015-08-20 12:07:36.83  CAT Installer: C:\Users\umarachi\AppData\Roaming\npm\bower -> C:\Users\umarachi\AppData\Roaming\npm\node_modules\bower\bin\bower

2015-08-20 12:07:36.735  CAT Installer: bower@1.4.1 C:\Users\umarachi\AppData\Roaming\npm\node_modules\bower
├── is-root@1.0.0
├── junk@1.0.2
├── stringify-object@1.0.1
├── chmodr@0.1.0
├── user-home@1.1.1
├── abbrev@1.0.7
├── archy@1.0.0
├── bower-logger@0.2.2
├── bower-endpoint-parser@0.2.2
├── graceful-fs@3.0.8
├── opn@1.0.2
├── lockfile@1.0.1
├── lru-cache@2.6.5
├── retry@0.6.1
├── nopt@3.0.3
├── tmp@0.0.24
├── q@1.4.1
├── semver@2.3.2
├── request-progress@0.3.1 (throttleit@0.0.2)
├── fstream@1.0.7 (inherits@2.0.1)
├── p-throttler@0.1.1 (q@0.9.7)
├── bower-json@0.4.0 (intersect@0.0.3, deep-extend@0.2.11, graceful-fs@2.0.3)
├── shell-quote@1.4.3 (array-filter@0.0.1, array-reduce@0.0.0, array-map@0.0.0, jsonify@0.0.0)
├── chalk@1.1.1 (escape-string-regexp@1.0.3, supports-color@2.0.0, ansi-styles@2.1.0, strip-ansi@3.0.0, has-ansi@2.0.0)
├── mkdirp@0.5.0 (minimist@0.0.8)
├── promptly@0.2.0 (read@1.0.6)
├── which@1.1.1 (is-absolute@0.1.7)
├── glob@4.5.3 (inherits@2.0.1, once@1.3.2, inflight@1.0.4, minimatch@2.0.10)
├── fstream-ignore@1.0.2 (inherits@2.0.1, minimatch@2.0.10)
├── rimraf@2.4.2 (glob@5.0.14)
├── insight@0.5.3 (object-assign@2.1.1, async@0.9.2, lodash.debounce@3.1.1, os-name@1.0.3, tough-cookie@0.12.1)
├── tar-fs@1.8.1 (pump@1.0.0, tar-stream@1.2.1)
├── decompress-zip@0.1.0 (mkpath@0.1.0, touch@0.0.3, readable-stream@1.1.13, binary@0.3.0)
├── update-notifier@0.3.2 (is-npm@1.0.0, string-length@1.0.1, semver-diff@2.0.0, latest-version@1.0.1)
├── request@2.53.0 (caseless@0.9.0, aws-sign2@0.5.0, stringstream@0.0.4, forever-agent@0.5.2, oauth-sign@0.6.0, tunnel-agent@0.4.1, isstream@0.1.2, json-stringify-safe@5.0.1, node-uuid@1.4.3, qs@2.3.3, combined-stream@0.0.7, form-data@0.2.0, mime-types@2.0.14, bl@0.9.4, http-signature@0.10.1, tough-cookie@2.0.0, hawk@2.3.1)
├── bower-registry-client@0.3.0 (graceful-fs@2.0.3, request-replay@0.2.0, rimraf@2.2.8, lru-cache@2.3.1, mkdirp@0.3.5, async@0.2.10, request@2.51.0)
├── github@0.2.4 (mime@1.3.4)
├── cardinal@0.4.4 (ansicolors@0.2.1, redeyed@0.4.4)
├── mout@0.11.0
├── bower-config@0.6.1 (osenv@0.0.3, graceful-fs@2.0.3, optimist@0.6.1, mout@0.9.1)
├── configstore@0.3.2 (object-assign@2.1.1, xdg-basedir@1.0.1, uuid@2.0.1, osenv@0.1.3, js-yaml@3.3.1)
├── inquirer@0.8.0 (figures@1.3.5, ansi-regex@1.1.1, mute-stream@0.0.4, through@2.3.8, readline2@0.1.1, chalk@0.5.1, lodash@2.4.2, rx@2.5.3, cli-color@0.3.3)
└── handlebars@2.0.0 (optimist@0.3.7, uglify-js@2.3.6)

2015-08-20 12:07:36.770  Package Script Complete 0
2015-08-20 12:07:36.771  [package-script] process completed, see pkgscript.log for more information
2015-08-20 13:43:48.163  

************ Package Script  ************************************* process id: 8280
2015-08-20 13:43:53.490  CAT Installer: C:\Users\umarachi\AppData\Roaming\npm\grunt -> C:\Users\umarachi\AppData\Roaming\npm\node_modules\grunt-cli\bin\grunt

2015-08-20 13:43:54.900  CAT Installer: grunt-cli@0.1.13 C:\Users\umarachi\AppData\Roaming\npm\node_modules\grunt-cli
├── resolve@0.3.1
├── nopt@1.0.10 (abbrev@1.0.7)
└── findup-sync@0.1.3 (lodash@2.4.2, glob@3.2.11)

2015-08-20 13:43:54.915  Package Script Complete 0
2015-08-20 13:44:34.243  CAT Installer: C:\Users\umarachi\AppData\Roaming\npm\bower -> C:\Users\umarachi\AppData\Roaming\npm\node_modules\bower\bin\bower

2015-08-20 13:44:34.734  CAT Installer: bower@1.4.1 C:\Users\umarachi\AppData\Roaming\npm\node_modules\bower
├── is-root@1.0.0
├── junk@1.0.2
├── stringify-object@1.0.1
├── chmodr@0.1.0
├── user-home@1.1.1
├── abbrev@1.0.7
├── archy@1.0.0
├── bower-logger@0.2.2
├── lockfile@1.0.1
├── opn@1.0.2
├── bower-endpoint-parser@0.2.2
├── graceful-fs@3.0.8
├── lru-cache@2.6.5
├── retry@0.6.1
├── nopt@3.0.3
├── tmp@0.0.24
├── q@1.4.1
├── request-progress@0.3.1 (throttleit@0.0.2)
├── semver@2.3.2
├── shell-quote@1.4.3 (array-filter@0.0.1, array-reduce@0.0.0, array-map@0.0.0, jsonify@0.0.0)
├── bower-json@0.4.0 (intersect@0.0.3, deep-extend@0.2.11, graceful-fs@2.0.3)
├── p-throttler@0.1.1 (q@0.9.7)
├── fstream@1.0.7 (inherits@2.0.1)
├── chalk@1.1.1 (escape-string-regexp@1.0.3, supports-color@2.0.0, ansi-styles@2.1.0, has-ansi@2.0.0, strip-ansi@3.0.0)
├── mkdirp@0.5.0 (minimist@0.0.8)
├── which@1.1.1 (is-absolute@0.1.7)
├── promptly@0.2.0 (read@1.0.6)
├── glob@4.5.3 (inherits@2.0.1, inflight@1.0.4, once@1.3.2, minimatch@2.0.10)
├── fstream-ignore@1.0.2 (inherits@2.0.1, minimatch@2.0.10)
├── rimraf@2.4.2 (glob@5.0.14)
├── tar-fs@1.8.1 (pump@1.0.0, tar-stream@1.2.1)
├── insight@0.5.3 (object-assign@2.1.1, async@0.9.2, lodash.debounce@3.1.1, os-name@1.0.3, tough-cookie@0.12.1)
├── decompress-zip@0.1.0 (mkpath@0.1.0, touch@0.0.3, readable-stream@1.1.13, binary@0.3.0)
├── update-notifier@0.3.2 (is-npm@1.0.0, string-length@1.0.1, semver-diff@2.0.0, latest-version@1.0.1)
├── request@2.53.0 (caseless@0.9.0, forever-agent@0.5.2, aws-sign2@0.5.0, stringstream@0.0.4, oauth-sign@0.6.0, tunnel-agent@0.4.1, isstream@0.1.2, json-stringify-safe@5.0.1, node-uuid@1.4.3, qs@2.3.3, combined-stream@0.0.7, form-data@0.2.0, mime-types@2.0.14, bl@0.9.4, http-signature@0.10.1, tough-cookie@2.0.0, hawk@2.3.1)
├── bower-registry-client@0.3.0 (request-replay@0.2.0, graceful-fs@2.0.3, rimraf@2.2.8, lru-cache@2.3.1, mkdirp@0.3.5, async@0.2.10, request@2.51.0)
├── cardinal@0.4.4 (ansicolors@0.2.1, redeyed@0.4.4)
├── github@0.2.4 (mime@1.3.4)
├── mout@0.11.0
├── bower-config@0.6.1 (osenv@0.0.3, graceful-fs@2.0.3, optimist@0.6.1, mout@0.9.1)
├── configstore@0.3.2 (object-assign@2.1.1, xdg-basedir@1.0.1, uuid@2.0.1, osenv@0.1.3, js-yaml@3.3.1)
├── handlebars@2.0.0 (optimist@0.3.7, uglify-js@2.3.6)
└── inquirer@0.8.0 (figures@1.3.5, ansi-regex@1.1.1, mute-stream@0.0.4, through@2.3.8, readline2@0.1.1, chalk@0.5.1, lodash@2.4.2, cli-color@0.3.3, rx@2.5.3)

2015-08-20 13:44:34.768  Package Script Complete 0
2015-08-20 13:44:34.769  [package-script] process completed, see pkgscript.log for more information
2015-08-20 13:54:18.956  

************ Package Script  ************************************* process id: 8204
2015-08-20 13:54:23.495  CAT Installer: C:\Users\umarachi\AppData\Roaming\npm\grunt -> C:\Users\umarachi\AppData\Roaming\npm\node_modules\grunt-cli\bin\grunt

2015-08-20 13:54:23.991  CAT Installer: grunt-cli@0.1.13 C:\Users\umarachi\AppData\Roaming\npm\node_modules\grunt-cli
├── resolve@0.3.1
├── nopt@1.0.10 (abbrev@1.0.7)
└── findup-sync@0.1.3 (lodash@2.4.2, glob@3.2.11)

2015-08-20 13:54:24.6  Package Script Complete 0
2015-08-20 13:54:54.293  CAT Installer: C:\Users\umarachi\AppData\Roaming\npm\bower -> C:\Users\umarachi\AppData\Roaming\npm\node_modules\bower\bin\bower

2015-08-20 13:54:54.927  CAT Installer: bower@1.4.1 C:\Users\umarachi\AppData\Roaming\npm\node_modules\bower
├── is-root@1.0.0
├── stringify-object@1.0.1
├── junk@1.0.2
├── chmodr@0.1.0
├── user-home@1.1.1
├── abbrev@1.0.7
├── archy@1.0.0
├── bower-endpoint-parser@0.2.2
├── bower-logger@0.2.2
├── graceful-fs@3.0.8
├── lockfile@1.0.1
├── opn@1.0.2
├── lru-cache@2.6.5
├── retry@0.6.1
├── nopt@3.0.3
├── tmp@0.0.24
├── q@1.4.1
├── request-progress@0.3.1 (throttleit@0.0.2)
├── semver@2.3.2
├── fstream@1.0.7 (inherits@2.0.1)
├── p-throttler@0.1.1 (q@0.9.7)
├── shell-quote@1.4.3 (array-filter@0.0.1, array-reduce@0.0.0, array-map@0.0.0, jsonify@0.0.0)
├── bower-json@0.4.0 (intersect@0.0.3, deep-extend@0.2.11, graceful-fs@2.0.3)
├── chalk@1.1.1 (escape-string-regexp@1.0.3, supports-color@2.0.0, ansi-styles@2.1.0, strip-ansi@3.0.0, has-ansi@2.0.0)
├── mkdirp@0.5.0 (minimist@0.0.8)
├── which@1.1.1 (is-absolute@0.1.7)
├── promptly@0.2.0 (read@1.0.6)
├── fstream-ignore@1.0.2 (inherits@2.0.1, minimatch@2.0.10)
├── glob@4.5.3 (inherits@2.0.1, once@1.3.2, inflight@1.0.4, minimatch@2.0.10)
├── insight@0.5.3 (object-assign@2.1.1, async@0.9.2, lodash.debounce@3.1.1, os-name@1.0.3, tough-cookie@0.12.1)
├── tar-fs@1.8.1 (pump@1.0.0, tar-stream@1.2.1)
├── rimraf@2.4.2 (glob@5.0.14)
├── decompress-zip@0.1.0 (mkpath@0.1.0, touch@0.0.3, readable-stream@1.1.13, binary@0.3.0)
├── update-notifier@0.3.2 (is-npm@1.0.0, string-length@1.0.1, semver-diff@2.0.0, latest-version@1.0.1)
├── bower-registry-client@0.3.0 (graceful-fs@2.0.3, request-replay@0.2.0, rimraf@2.2.8, lru-cache@2.3.1, mkdirp@0.3.5, async@0.2.10, request@2.51.0)
├── request@2.53.0 (caseless@0.9.0, forever-agent@0.5.2, aws-sign2@0.5.0, oauth-sign@0.6.0, stringstream@0.0.4, tunnel-agent@0.4.1, isstream@0.1.2, json-stringify-safe@5.0.1, qs@2.3.3, node-uuid@1.4.3, combined-stream@0.0.7, form-data@0.2.0, mime-types@2.0.14, bl@0.9.4, http-signature@0.10.1, tough-cookie@2.0.0, hawk@2.3.1)
├── cardinal@0.4.4 (ansicolors@0.2.1, redeyed@0.4.4)
├── github@0.2.4 (mime@1.3.4)
├── mout@0.11.0
├── bower-config@0.6.1 (osenv@0.0.3, graceful-fs@2.0.3, optimist@0.6.1, mout@0.9.1)
├── configstore@0.3.2 (object-assign@2.1.1, xdg-basedir@1.0.1, uuid@2.0.1, osenv@0.1.3, js-yaml@3.3.1)
├── inquirer@0.8.0 (figures@1.3.5, ansi-regex@1.1.1, mute-stream@0.0.4, through@2.3.8, readline2@0.1.1, chalk@0.5.1, lodash@2.4.2, cli-color@0.3.3, rx@2.5.3)
└── handlebars@2.0.0 (optimist@0.3.7, uglify-js@2.3.6)

2015-08-20 13:54:54.966  Package Script Complete 0
2015-08-20 13:54:54.967  [package-script] process completed, see pkgscript.log for more information
